  ANDROID_HOME=D:\Android-SDK
  ANT_HOME=C:\Program Files (x86)\Microsoft Visual Studio 14.0\Apps\apache-ant-1.9.3\
  JAVA_HOME=C:\Program Files\Java\jdk1.8.0_45
  NDK_ROOT=D:\Android-NDK-10E
  pch.h
  SharedLibrarySocket.cpp
  In file included from SharedLibrarySocket.cpp:1:
./SharedLibrarySocket.h(3,9): warning : unknown pragma ignored [-Wunknown-pragmas]
  #pragma region define varible
          ^
./SharedLibrarySocket.h(30,9): warning : unknown pragma ignored [-Wunknown-pragmas]
  #pragma endregion
          ^
./SharedLibrarySocket.h(36,9): warning : unknown pragma ignored [-Wunknown-pragmas]
  #pragma region define varible ---------------------------------------------------------------------
          ^
./SharedLibrarySocket.h(66,9): warning : unknown pragma ignored [-Wunknown-pragmas]
  #pragma endregion
          ^
./SharedLibrarySocket.h(69,9): warning : unknown pragma ignored [-Wunknown-pragmas]
  #pragma region function ---------------------------------------------------------------------------
          ^
./SharedLibrarySocket.h(174,9): warning : unknown pragma ignored [-Wunknown-pragmas]
  #pragma endregion
          ^
./SharedLibrarySocket.h(177,9): warning : unknown pragma ignored [-Wunknown-pragmas]
  #pragma region method -----------------------------------------------------------------------------
          ^
./SharedLibrarySocket.h(400,9): warning : unknown pragma ignored [-Wunknown-pragmas]
  #pragma endregion
          ^
./SharedLibrarySocket.h(483,30): warning : in-class initialization of non-static data member is a C++11 extension [-Wc++11-extensions]
          int send_message_fail_count = 0;
                                      ^
  9 warnings generated.
  SharedLibrarySocket.vcxproj -> E:\VisualProjects\SharedLibrarySocket\ARM\Release\libSharedLibrarySocket.so
