  ANDROID_HOME=D:\AndroidSDK
  ANT_HOME=
  JAVA_HOME=C:\Program Files\Java\jdk1.8.0_91
  NDK_ROOT=D:\AndroidNDK\android-ndk-r10e
  pch.h
  SharedLibrarySocket.cpp
  In file included from SharedLibrarySocket.cpp:1:
./SharedLibrarySocket.h(3,9): warning : unknown pragma ignored [-Wunknown-pragmas]
  #pragma region define varible
          ^
./SharedLibrarySocket.h(30,9): warning : unknown pragma ignored [-Wunknown-pragmas]
  #pragma endregion
          ^
./SharedLibrarySocket.h(36,9): warning : unknown pragma ignored [-Wunknown-pragmas]
  #pragma region define varible ---------------------------------------------------------------------
          ^
./SharedLibrarySocket.h(66,9): warning : unknown pragma ignored [-Wunknown-pragmas]
  #pragma endregion
          ^
./SharedLibrarySocket.h(69,9): warning : unknown pragma ignored [-Wunknown-pragmas]
  #pragma region function ---------------------------------------------------------------------------
          ^
./SharedLibrarySocket.h(174,9): warning : unknown pragma ignored [-Wunknown-pragmas]
  #pragma endregion
          ^
./SharedLibrarySocket.h(177,9): warning : unknown pragma ignored [-Wunknown-pragmas]
  #pragma region method -----------------------------------------------------------------------------
          ^
./SharedLibrarySocket.h(400,9): warning : unknown pragma ignored [-Wunknown-pragmas]
  #pragma endregion
          ^
./SharedLibrarySocket.h(483,30): warning : in-class initialization of non-static data member is a C++11 extension [-Wc++11-extensions]
          int send_message_fail_count = 0;
                                      ^
  9 warnings generated.
  SharedLibrarySocket.vcxproj -> E:\AndroidProjects\FarShutter\SourceCode\SharedLibrarySocket\x86\Release\libSharedLibrarySocket.so
